Determining if the pthread_create exist failed with the following output:
Change Dir: /home/paul/Puzzlebot_Projects/Puzzlebot-SLAM/slam_ws/build/CMakeFiles/CMakeTmp

Run Build Command:"/usr/bin/make" "cmTC_9c120/fast"
/usr/bin/make -f CMakeFiles/cmTC_9c120.dir/build.make CMakeFiles/cmTC_9c120.dir/build
make[1]: se entra en el directorio '/home/paul/Puzzlebot_Projects/Puzzlebot-SLAM/slam_ws/build/CMakeFiles/CMakeTmp'
Building C object CMakeFiles/cmTC_9c120.dir/CheckSymbolExists.c.o
/usr/bin/cc    -o CMakeFiles/cmTC_9c120.dir/CheckSymbolExists.c.o   -c /home/paul/Puzzlebot_Projects/Puzzlebot-SLAM/slam_ws/build/CMakeFiles/CMakeTmp/CheckSymbolExists.c
Linking C executable cmTC_9c120
/usr/bin/cmake -E cmake_link_script CMakeFiles/cmTC_9c120.dir/link.txt --verbose=1
/usr/bin/cc      -rdynamic CMakeFiles/cmTC_9c120.dir/CheckSymbolExists.c.o  -o cmTC_9c120 
CMakeFiles/cmTC_9c120.dir/CheckSymbolExists.c.o: En la función `main':
CheckSymbolExists.c:(.text+0x1b): referencia a `pthread_create' sin definir
collect2: error: ld returned 1 exit status
CMakeFiles/cmTC_9c120.dir/build.make:97: fallo en las instrucciones para el objetivo 'cmTC_9c120'
make[1]: *** [cmTC_9c120] Error 1
make[1]: se sale del directorio '/home/paul/Puzzlebot_Projects/Puzzlebot-SLAM/slam_ws/build/CMakeFiles/CMakeTmp'
Makefile:126: fallo en las instrucciones para el objetivo 'cmTC_9c120/fast'
make: *** [cmTC_9c120/fast] Error 2

File /home/paul/Puzzlebot_Projects/Puzzlebot-SLAM/slam_ws/build/CMakeFiles/CMakeTmp/CheckSymbolExists.c:
/* */
#include <pthread.h>

int main(int argc, char** argv)
{
  (void)argv;
#ifndef pthread_create
  return ((int*)(&pthread_create))[argc];
#else
  (void)argc;
  return 0;
#endif
}

Determining if the function pthread_create exists in the pthreads failed with the following output:
Change Dir: /home/paul/Puzzlebot_Projects/Puzzlebot-SLAM/slam_ws/build/CMakeFiles/CMakeTmp

Run Build Command:"/usr/bin/make" "cmTC_af5bf/fast"
/usr/bin/make -f CMakeFiles/cmTC_af5bf.dir/build.make CMakeFiles/cmTC_af5bf.dir/build
make[1]: se entra en el directorio '/home/paul/Puzzlebot_Projects/Puzzlebot-SLAM/slam_ws/build/CMakeFiles/CMakeTmp'
Building C object CMakeFiles/cmTC_af5bf.dir/CheckFunctionExists.c.o
/usr/bin/cc   -DCHECK_FUNCTION_EXISTS=pthread_create   -o CMakeFiles/cmTC_af5bf.dir/CheckFunctionExists.c.o   -c /usr/share/cmake-3.10/Modules/CheckFunctionExists.c
Linking C executable cmTC_af5bf
/usr/bin/cmake -E cmake_link_script CMakeFiles/cmTC_af5bf.dir/link.txt --verbose=1
/usr/bin/cc  -DCHECK_FUNCTION_EXISTS=pthread_create    -rdynamic CMakeFiles/cmTC_af5bf.dir/CheckFunctionExists.c.o  -o cmTC_af5bf -lpthreads 
/usr/bin/ld: no se puede encontrar -lpthreads
collect2: error: ld returned 1 exit status
CMakeFiles/cmTC_af5bf.dir/build.make:97: fallo en las instrucciones para el objetivo 'cmTC_af5bf'
make[1]: *** [cmTC_af5bf] Error 1
make[1]: se sale del directorio '/home/paul/Puzzlebot_Projects/Puzzlebot-SLAM/slam_ws/build/CMakeFiles/CMakeTmp'
Makefile:126: fallo en las instrucciones para el objetivo 'cmTC_af5bf/fast'
make: *** [cmTC_af5bf/fast] Error 2


